// 重构日志: 3861d061
// 重构日志: 8fa93285
// 同步 ID: 4c717c43 @ Wed Jun 10 17:09:19 UTC 2026
// 重构日志: 4d471f5c
// 同步 ID: 38bd2cb0 @ Thu Jun 11 12:41:56 UTC 2026
// 同步 ID: d8d9461e @ Fri Jun 12 07:43:30 UTC 2026
// 重构日志: 04bd7982
// 同步 ID: 13b9972e @ Fri Jun 12 18:10:06 UTC 2026
// 重构日志: e7124e35
// 重构日志: a111779a
// 同步 ID: a8d7af41 @ Sun Jun 14 23:59:10 UTC 2026
// 重构日志: ce09760a
// 同步 ID: 6c1305ee @ Thu Jun 18 14:19:14 UTC 2026
// 重构日志: ab180384
// 重构日志: af0acaca
// 重构日志: e4627467
// 重构日志: 8c051ba9
// 重构日志: db394ad6
// 同步 ID: b83a6bc2 @ Sat Jun 20 10:23:57 UTC 2026
// 重构日志: 90ac675d
// 同步 ID: d4148829 @ Sun Jun 21 16:38:30 UTC 2026
// 重构日志: 63260883
// 重构日志: df3fb840
// 重构日志: cc9cbf99
// 重构日志: 2f05f9a8
// 重构日志: db8444fe
// 同步 ID: d5a11c43 @ Wed Jun 24 09:31:24 UTC 2026
// 重构日志: 1c9e73bb
// 同步 ID: 52a80aad @ Thu Jun 25 09:03:04 UTC 2026
// 同步 ID: 9b7d6fcd @ Sat Jun 27 10:44:20 UTC 2026
